Removed Pin From Net: NetName=USB_D+ Pin=R?-2
Removed Pin From Net: NetName=USB_D- Pin=R?-2
Change Component Footprint: Designator=USB? Old Footprint=USB Mini 5p DIP New Footprint=USB Mini 5p SMD
Change Component Comment : Designator=USB? Old Comment=USB Mini 5p DIP New Comment=USB Mini 5p SMD
Change component parameters: Designator = "USB?" ("USB?"); Footprint = "USB Mini 5p DIP"; UniqueID = "\LFLRFELS" ("\LFLRFELS")
Change component parameters (AddParameter): Name = "Ma_Hang"; Value = "MH001022"; VariantName = "[No Variations]"
Change component parameters (AddParameter): Name = "Ten"; Value = "MiniUSB 5P SMD"; VariantName = "[No Variations]"
Added Component: Designator=C?(tu 0805)
Add component (AddParameter): Name = "Chung_Loai"; Value = "Dán"; VariantName = "[No Variations]"
Add component (AddParameter): Name = "Don_Vi"; Value = "Con"; VariantName = "[No Variations]"
Add component (AddParameter): Name = "Kieu_Chan"; Value = ""; VariantName = "[No Variations]"
Add component (AddParameter): Name = "Ma_Hang"; Value = "MH004552"; VariantName = "[No Variations]"
Add component (AddParameter): Name = "So_Chan"; Value = "2"; VariantName = "[No Variations]"
Add component (AddParameter): Name = "Ten_Linh_Kien"; Value = "T? 0805 105-1uF 10% 50V"; VariantName = "[No Variations]"
Added Component: Designator=C?(tu 0805)
Add component (AddParameter): Name = "Chung_Loai"; Value = "Dán"; VariantName = "[No Variations]"
Add component (AddParameter): Name = "Don_Vi"; Value = "Con"; VariantName = "[No Variations]"
Add component (AddParameter): Name = "Kieu_Chan"; Value = ""; VariantName = "[No Variations]"
Add component (AddParameter): Name = "Ma_Hang"; Value = "MH004552"; VariantName = "[No Variations]"
Add component (AddParameter): Name = "So_Chan"; Value = "2"; VariantName = "[No Variations]"
Add component (AddParameter): Name = "Ten_Linh_Kien"; Value = "T? 0805 105-1uF 10% 50V"; VariantName = "[No Variations]"
Added Component: Designator=C?(CAPC1608X87N)
Add component (AddParameter): Name = "Availability"; Value = "Unavailable"; VariantName = "[No Variations]"
Add component (AddParameter): Name = "MF"; Value = ""; VariantName = "[No Variations]"
Add component (AddParameter): Name = "MP"; Value = "CBR06C270F5GAC"; VariantName = "[No Variations]"
Add component (AddParameter): Name = "Package"; Value = "None"; VariantName = "[No Variations]"
Add component (AddParameter): Name = "Price"; Value = "None"; VariantName = "[No Variations]"
Add component (AddParameter): Name = "Value"; Value = ""; VariantName = "[No Variations]"
Added Component: Designator=C?(CAPC1608X87N)
Add component (AddParameter): Name = "Availability"; Value = "Unavailable"; VariantName = "[No Variations]"
Add component (AddParameter): Name = "MF"; Value = ""; VariantName = "[No Variations]"
Add component (AddParameter): Name = "MP"; Value = "CBR06C270F5GAC"; VariantName = "[No Variations]"
Add component (AddParameter): Name = "Package"; Value = "None"; VariantName = "[No Variations]"
Add component (AddParameter): Name = "Price"; Value = "None"; VariantName = "[No Variations]"
Add component (AddParameter): Name = "Value"; Value = ""; VariantName = "[No Variations]"
Added Component: Designator=P?(HDR2X18)
Add component (AddParameter): Name = "LatestRevisionDate"; Value = "17-Jul-2002"; VariantName = "[No Variations]"
Add component (AddParameter): Name = "LatestRevisionNote"; Value = "Re-released for DXP Platform."; VariantName = "[No Variations]"
Add component (AddParameter): Name = "Publisher"; Value = "Altium Limited"; VariantName = "[No Variations]"
Added Component: Designator=P?(HDR2X18)
Add component (AddParameter): Name = "LatestRevisionDate"; Value = "17-Jul-2002"; VariantName = "[No Variations]"
Add component (AddParameter): Name = "LatestRevisionNote"; Value = "Re-released for DXP Platform."; VariantName = "[No Variations]"
Add component (AddParameter): Name = "Publisher"; Value = "Altium Limited"; VariantName = "[No Variations]"
Added Component: Designator=R?(tro smd 0805)
Add component (AddParameter): Name = "Chung_Loai"; Value = "Dán"; VariantName = "[No Variations]"
Add component (AddParameter): Name = "Don_Vi"; Value = "Con"; VariantName = "[No Variations]"
Add component (AddParameter): Name = "Kieu_Chan"; Value = ""; VariantName = "[No Variations]"
Add component (AddParameter): Name = "Ma_Hang"; Value = "MH005468"; VariantName = "[No Variations]"
Add component (AddParameter): Name = "So_Chan"; Value = "2"; VariantName = "[No Variations]"
Add component (AddParameter): Name = "Ten_Linh_Kien"; Value = "Tr? 0805 1% 1k"; VariantName = "[No Variations]"
Added Component: Designator=R?(R1/8W)
Add component (AddParameter): Name = "Value"; Value = "R1/4W - 1K"; VariantName = "[No Variations]"
Added Component: Designator=VR(SOT95P280X110-5N)
Add component (AddParameter): Name = "BuyPart"; Value = "https://www.snapeda.com/parts/TLV70033DDCR/Texas%20Instruments/view-part/356821/?ref=eda"; VariantName = "[No Variations]"
Add component (AddParameter): Name = "Digi-Key_Part_Number"; Value = "296-27937-1-ND"; VariantName = "[No Variations]"
Add component (AddParameter): Name = "DigiKey-Purchase-URL"; Value = "https://snapeda.com/shop?store=DigiKey&id=356821"; VariantName = "[No Variations]"
Add component (AddParameter): Name = "MF"; Value = "Texas Instruments"; VariantName = "[No Variations]"
Add component (AddParameter): Name = "Mouser-Purchase-URL"; Value = "https://snapeda.com/shop?store=Mouser&id=356821"; VariantName = "[No Variations]"
Add component (AddParameter): Name = "MP"; Value = "TLV70033DDCR"; VariantName = "[No Variations]"
Add component (AddParameter): Name = "Package"; Value = "SOT-23-THN-5 Texas Instruments"; VariantName = "[No Variations]"
Add component (AddParameter): Name = "SnapEDA_Link"; Value = "https://www.snapeda.com/parts/TLV70033DDCR/Texas%20Instruments/view-part/356821/?ref=snap"; VariantName = "[No Variations]"
Add component (AddParameter): Name = "Texas_Instruments-Purchase-URL"; Value = "https://snapeda.com/shop?store=Texas+Instruments&id=356821"; VariantName = "[No Variations]"
Add component (AddParameter): Name = "Value"; Value = ""; VariantName = "[No Variations]"
Added Component: Designator=Y?(XTAL500X320X130N)
Add component (AddParameter): Name = "Availability"; Value = "Good"; VariantName = "[No Variations]"
Add component (AddParameter): Name = "Check_prices"; Value = "https://www.snapeda.com/parts/ABM3-12.000MHZ-B2-T/Abracon%20LLC/view-part/106373/?ref=eda"; VariantName = "[No Variations]"
Add component (AddParameter): Name = "MF"; Value = "Abracon"; VariantName = "[No Variations]"
Add component (AddParameter): Name = "MP"; Value = "ABM3-12.000MHZ-B2-T"; VariantName = "[No Variations]"
Add component (AddParameter): Name = "Package"; Value = "SMD-2 Abracon"; VariantName = "[No Variations]"
Add component (AddParameter): Name = "Price"; Value = "None"; VariantName = "[No Variations]"
Add component (AddParameter): Name = "Purchase-URL"; Value = "https://pricing.snapeda.com/search/part/ABM3-12.000MHZ-B2-T/?ref=eda"; VariantName = "[No Variations]"
Add component (AddParameter): Name = "SnapEDA_Link"; Value = "https://www.snapeda.com/parts/ABM3-12.000MHZ-B2-T/Abracon%20LLC/view-part/106373/?ref=snap"; VariantName = "[No Variations]"
Add component (AddParameter): Name = "Value"; Value = ""; VariantName = "[No Variations]"
Added Pin To Net: NetName=GND Pin=C?-1
Added Pin To Net: NetName=GND Pin=C?-1
Added Pin To Net: NetName=GND Pin=C?-1
Added Pin To Net: NetName=GND Pin=C?-1
Added Pin To Net: NetName=+3V3 Pin=C?-2
Added Pin To Net: NetName=XIN Pin=C?-2
Added Pin To Net: NetName=GND Pin=P?-1
Added Pin To Net: NetName=+3V3 Pin=P?-2
Added Pin To Net: NetName=GND Pin=P?-2
Added Pin To Net: NetName=GND Pin=P?-3
Added Pin To Net: NetName=GND Pin=P?-4
Added Pin To Net: NetName=GPIO0 Pin=P?-4
Added Pin To Net: NetName=GND Pin=P?-5
Added Pin To Net: NetName=GND Pin=P?-6
Added Pin To Net: NetName=GPIO1 Pin=P?-6
Added Pin To Net: NetName=GND Pin=P?-7
Added Pin To Net: NetName=GPIO26/ADC0 Pin=P?-7
Added Pin To Net: NetName=GND Pin=P?-8
Added Pin To Net: NetName=GPIO2 Pin=P?-8
Added Pin To Net: NetName=GND Pin=P?-9
Added Pin To Net: NetName=GPIO25 Pin=P?-9
Added Pin To Net: NetName=GND Pin=P?-10
Added Pin To Net: NetName=GPIO3 Pin=P?-10
Added Pin To Net: NetName=GND Pin=P?-11
Added Pin To Net: NetName=GPIO24 Pin=P?-11
Added Pin To Net: NetName=GND Pin=P?-12
Added Pin To Net: NetName=GPIO4 Pin=P?-12
Added Pin To Net: NetName=GND Pin=P?-13
Added Pin To Net: NetName=GPIO23 Pin=P?-13
Added Pin To Net: NetName=GND Pin=P?-14
Added Pin To Net: NetName=GPIO5 Pin=P?-14
Added Pin To Net: NetName=GND Pin=P?-15
Added Pin To Net: NetName=GPIO22 Pin=P?-15
Added Pin To Net: NetName=GND Pin=P?-16
Added Pin To Net: NetName=GPIO6 Pin=P?-16
Added Pin To Net: NetName=GND Pin=P?-17
Added Pin To Net: NetName=GND Pin=P?-18
Added Pin To Net: NetName=GPIO7 Pin=P?-18
Added Pin To Net: NetName=GND Pin=P?-19
Added Pin To Net: NetName=GPIO20 Pin=P?-19
Added Pin To Net: NetName=GND Pin=P?-20
Added Pin To Net: NetName=GPIO8 Pin=P?-20
Added Pin To Net: NetName=GND Pin=P?-21
Added Pin To Net: NetName=GPIO19 Pin=P?-21
Added Pin To Net: NetName=GND Pin=P?-22
Added Pin To Net: NetName=GPIO9 Pin=P?-22
Added Pin To Net: NetName=GND Pin=P?-23
Added Pin To Net: NetName=GPIO18 Pin=P?-23
Added Pin To Net: NetName=GND Pin=P?-24
Added Pin To Net: NetName=GPIO10 Pin=P?-24
Added Pin To Net: NetName=GND Pin=P?-25
Added Pin To Net: NetName=GPIO17 Pin=P?-25
Added Pin To Net: NetName=GND Pin=P?-26
Added Pin To Net: NetName=GPIO11 Pin=P?-26
Added Pin To Net: NetName=GND Pin=P?-27
Added Pin To Net: NetName=GPIO16 Pin=P?-27
Added Pin To Net: NetName=GND Pin=P?-28
Added Pin To Net: NetName=GPIO12 Pin=P?-28
Added Pin To Net: NetName=GND Pin=P?-29
Added Pin To Net: NetName=RUN Pin=P?-29
Added Pin To Net: NetName=GND Pin=P?-30
Added Pin To Net: NetName=GPIO13 Pin=P?-30
Added Pin To Net: NetName=GND Pin=P?-31
Added Pin To Net: NetName=SWDIO Pin=P?-31
Added Pin To Net: NetName=GND Pin=P?-32
Added Pin To Net: NetName=GPIO14 Pin=P?-32
Added Pin To Net: NetName=GND Pin=P?-33
Added Pin To Net: NetName=SWCLK Pin=P?-33
Added Pin To Net: NetName=GND Pin=P?-34
Added Pin To Net: NetName=GPIO15 Pin=P?-34
Added Pin To Net: NetName=GND Pin=P?-35
Added Pin To Net: NetName=GND Pin=P?-35
Added Pin To Net: NetName=GND Pin=P?-36
Added Pin To Net: NetName=GND Pin=P?-36
Added Pin To Net: NetName=USB_D+ Pin=R?-2
Added Pin To Net: NetName=USB_D- Pin=R?-2
Added Pin To Net: NetName=XOUT Pin=R?-2
Added Pin To Net: NetName=GND Pin=VR-2
Added Pin To Net: NetName=+3V3 Pin=VR-5
Added Pin To Net: NetName=XIN Pin=Y?-1
Added Pin To Net: NetName=GPIO21 Pin=P?-17
Added Net: Name=GPIO21
Added Pin To Net: NetName=GPIO27/ADC1 Pin=J?-39
Added Pin To Net: NetName=GPIO27/ADC1 Pin=P?-5
Added Net: Name=GPIO27/ADC1
Added Pin To Net: NetName=GPIO28/ADC2 Pin=J?-40
Added Pin To Net: NetName=GPIO28/ADC2 Pin=P?-3
Added Net: Name=GPIO28/ADC2
Added Pin To Net: NetName=GPIO29/ADC3 Pin=J?-41
Added Pin To Net: NetName=GPIO29/ADC3 Pin=P?-1
Added Net: Name=GPIO29/ADC3
Added Pin To Net: NetName=NetC?_2 Pin=C?-2
Added Pin To Net: NetName=NetC?_2 Pin=R?-1
Added Pin To Net: NetName=NetC?_2 Pin=Y?-2
Added Net: Name=NetC?_2
Added Pin To Net: NetName=VSYS Pin=C?-2
Added Pin To Net: NetName=VSYS Pin=VR-1
Added Pin To Net: NetName=VSYS Pin=VR-3
Added Net: Name=VSYS
Added Member To Class: ClassName=Sheet2 Member=Component C? 105
Added Member To Class: ClassName=Sheet2 Member=Component C? 104
Added Member To Class: ClassName=Sheet2 Member=Component C? 105
Added Member To Class: ClassName=Sheet2 Member=Component C? 104
Added Member To Class: ClassName=Sheet2 Member=Component C? 105
Added Member To Class: ClassName=Sheet2 Member=Component C? 104
Added Member To Class: ClassName=Sheet2 Member=Component C? 103
Added Member To Class: ClassName=Sheet2 Member=Component C? 104
Added Member To Class: ClassName=Sheet2 Member=Component C? CBR06C270F5GAC
Added Member To Class: ClassName=Sheet2 Member=Component C? 104
Added Member To Class: ClassName=Sheet2 Member=Component C? 104
Added Member To Class: ClassName=Sheet2 Member=Component C? 104
Added Member To Class: ClassName=Sheet2 Member=Component C? 103
Added Member To Class: ClassName=Sheet2 Member=Component C? 104
Added Member To Class: ClassName=Sheet2 Member=Component C? 104
Added Member To Class: ClassName=Sheet2 Member=Component C? 105
Added Member To Class: ClassName=Sheet2 Member=Component P? Header 18X2
Added Member To Class: ClassName=Sheet2 Member=Component P? Header 18X2
Added Member To Class: ClassName=Sheet2 Member=Component R? 27
Added Member To Class: ClassName=Sheet2 Member=Component R? 27
Added Member To Class: ClassName=Sheet2 Member=Component R? 1k
Added Member To Class: ClassName=Sheet2 Member=Component VR TLV70033DDCR
Added Member To Class: ClassName=Sheet2 Member=Component Y? ABM3-12.000MHZ-B2-T
