Removed Pin From Net: NetName=GND Pin=*-3
Removed Pin From Net: NetName=GPIO0 Pin=*-4
Removed Pin From Net: NetName=GND Pin=*-5
Removed Pin From Net: NetName=GND Pin=*-21
Change Component Footprint: Designator=* Old Footprint=ATMEGA168 New Footprint=PCM5101APW
Change Component Comment : Designator=* Old Comment=ATMEGA168 New Comment=PCM5101APW
Added Pin To Net: NetName=GND Pin=*-11
Added Pin To Net: NetName=GPIO0 Pin=*-20
Added Member To Class: ClassName=Sheet2 Member=Component C? 105
Added Member To Class: ClassName=Sheet2 Member=Component C? 104
Added Member To Class: ClassName=Sheet2 Member=Component C? 105
Added Member To Class: ClassName=Sheet2 Member=Component C? 104
Added Member To Class: ClassName=Sheet2 Member=Component C? 104
Added Member To Class: ClassName=Sheet2 Member=Component C? 105
Added Member To Class: ClassName=Sheet2 Member=Component C? 104
Added Member To Class: ClassName=Sheet2 Member=Component C? 104
Added Member To Class: ClassName=Sheet2 Member=Component C? CBR06C270F5GAC
Added Member To Class: ClassName=Sheet2 Member=Component C? 104
Added Member To Class: ClassName=Sheet2 Member=Component C? 103
Added Member To Class: ClassName=Sheet2 Member=Component C? 104
Added Member To Class: ClassName=Sheet2 Member=Component C? 103
Added Member To Class: ClassName=Sheet2 Member=Component C? 104
Added Member To Class: ClassName=Sheet2 Member=Component C? 104
Added Member To Class: ClassName=Sheet2 Member=Component C? 105
Added Member To Class: ClassName=Sheet2 Member=Component P? Header 18X2
Added Member To Class: ClassName=Sheet2 Member=Component R? 27
Added Member To Class: ClassName=Sheet2 Member=Component R? 27
