Removed Pin From Net: NetName=GND Pin=*-11
Added Member To Class: ClassName=Sheet2 Member=Component C? 104
Added Member To Class: ClassName=Sheet2 Member=Component C? 105
Added Member To Class: ClassName=Sheet2 Member=Component C? 103
Added Member To Class: ClassName=Sheet2 Member=Component C? 104
Added Member To Class: ClassName=Sheet2 Member=Component C? 104
Added Member To Class: ClassName=Sheet2 Member=Component C? 104
Added Member To Class: ClassName=Sheet2 Member=Component C? 103
Added Member To Class: ClassName=Sheet2 Member=Component C? 104
Added Member To Class: ClassName=Sheet2 Member=Component C? 104
Added Member To Class: ClassName=Sheet2 Member=Component C? 105
Added Member To Class: ClassName=Sheet2 Member=Component C? 104
Added Member To Class: ClassName=Sheet2 Member=Component C? CBR06C270F5GAC
Added Member To Class: ClassName=Sheet2 Member=Component C? 104
Added Member To Class: ClassName=Sheet2 Member=Component C? 105
Added Member To Class: ClassName=Sheet2 Member=Component C? 105
Added Member To Class: ClassName=Sheet2 Member=Component C? 104
Added Member To Class: ClassName=Sheet2 Member=Component P? Header 18X2
Added Member To Class: ClassName=Sheet2 Member=Component R? 27
Added Member To Class: ClassName=Sheet2 Member=Component R? 27
